<?xml version="1.0" encoding="UTF-8"?>
<!-- Generated by org.testng.reporters.JUnitReportReporter -->
<testsuite skipped="0" hostname="IMRAN-PC" name="groups.Customer" tests="1" failures="0" timestamp="10 Oct 2017 04:06:58 GMT" time="0.002" errors="0">
  <testcase name="createCustomer" time="0.002" classname="groups.Customer"/>
</testsuite> <!-- groups.Customer -->
