<?xml version="1.0" encoding="UTF-8"?>
<!-- Generated by org.testng.reporters.JUnitReportReporter -->
<testsuite skipped="0" hostname="IMRAN-PC" name="today.User" tests="3" failures="0" timestamp="09 Oct 2017 16:54:04 GMT" time="0.015" errors="0">
  <testcase name="createUser" time="0.000" classname="today.User"/>
  <testcase name="removeUser" time="0.015" classname="today.User"/>
  <testcase name="editUser" time="0.000" classname="today.User"/>
</testsuite> <!-- today.User -->
