<?xml version="1.0" encoding="UTF-8"?>
<!-- Generated by org.testng.reporters.JUnitReportReporter -->
<testsuite skipped="0" hostname="IMRAN-PC" name="dataprovider.DemoA" tests="2" failures="0" timestamp="09 Oct 2017 17:24:24 GMT" time="0.032" errors="0">
  <testcase name="createUser" time="0.016" classname="dataprovider.DemoA"/>
  <testcase name="createUser" time="0.016" classname="dataprovider.DemoA"/>
</testsuite> <!-- dataprovider.DemoA -->
