<?xml version="1.0" encoding="UTF-8"?>
<!-- Generated by org.testng.reporters.JUnitReportReporter -->
<testsuite skipped="1" hostname="IMRAN-PC" name="groups.Product" tests="3" failures="0" timestamp="10 Oct 2017 04:06:58 GMT" time="0.013" errors="0">
  <testcase name="editProduct" time="0.002" classname="groups.Product"/>
  <testcase name="createProduct" time="0.011" classname="groups.Product"/>
  <testcase name="removeProduct" classname="groups.Product">
    <skipped/>
  </testcase> <!-- removeProduct -->
</testsuite> <!-- groups.Product -->
