<?xml version="1.0" encoding="UTF-8"?>
<!-- Generated by org.testng.reporters.JUnitReportReporter -->
<testsuite skipped="0" hostname="IMRAN-PC" name="groups.User" tests="3" failures="0" timestamp="10 Oct 2017 04:06:58 GMT" time="0.009" errors="0">
  <testcase name="editUser" time="0.004" classname="groups.User"/>
  <testcase name="removeUser" time="0.002" classname="groups.User"/>
  <testcase name="createUser" time="0.003" classname="groups.User"/>
</testsuite> <!-- groups.User -->
