<?xml version="1.0" encoding="UTF-8"?>
<!-- Generated by org.testng.reporters.JUnitReportReporter -->
<testsuite skipped="0" hostname="IMRAN-PC" name="today.Customer" tests="1" failures="0" timestamp="09 Oct 2017 16:54:04 GMT" time="0.016" errors="0">
  <testcase name="createCustomer" time="0.016" classname="today.Customer"/>
</testsuite> <!-- today.Customer -->
