<?xml version="1.0" encoding="UTF-8"?>
<!-- Generated by org.testng.reporters.JUnitReportReporter -->
<testsuite skipped="0" hostname="IMRAN-PC" name="invocations.B" tests="1" failures="0" timestamp="09 Oct 2017 17:11:40 GMT" time="0.000" errors="0">
  <testcase name="testB" time="0.000" classname="invocations.B"/>
</testsuite> <!-- invocations.B -->
