<?xml version="1.0" encoding="UTF-8"?>
<!-- Generated by org.testng.reporters.JUnitReportReporter -->
<testsuite skipped="1" hostname="IMRAN-PC" name="today.Product" tests="3" failures="0" timestamp="09 Oct 2017 16:54:04 GMT" time="0.000" errors="0">
  <testcase name="editProduct" time="0.000" classname="today.Product"/>
  <testcase name="createProduct" time="0.000" classname="today.Product"/>
  <testcase name="removeProduct" classname="today.Product">
    <skipped/>
  </testcase> <!-- removeProduct -->
</testsuite> <!-- today.Product -->
